<?xml version="1.0" encoding="UTF-8"?>
<testng-results skipped="0" failed="1" total="1" passed="0">
  <reporter-output>
  </reporter-output>
  <suite name="Selenium Project" duration-ms="6605" started-at="2016-04-30T19:52:36Z" finished-at="2016-04-30T19:52:43Z">
    <groups>
    </groups>
    <test name="Test Facebook" duration-ms="6605" started-at="2016-04-30T19:52:36Z" finished-at="2016-04-30T19:52:43Z">
      <class name="edu.utexas.ece.testCases.TestFacebook">
        <test-method status="PASS" signature="init()[pri:0, instance:edu.utexas.ece.testCases.TestFacebook@6aceb1a5]" name="init" is-config="true" duration-ms="2321" started-at="2016-04-30T14:52:36Z" finished-at="2016-04-30T14:52:38Z">
          <reporter-output>
          </reporter-output>
        </test-method> <!-- init -->
        <test-method status="FAIL" signature="testFacebookVisibilitySetting(java.lang.String, java.lang.String)[pri:0, instance:edu.utexas.ece.testCases.TestFacebook@6aceb1a5]" name="testFacebookVisibilitySetting" duration-ms="4195" started-at="2016-04-30T14:52:38Z" finished-at="2016-04-30T14:52:42Z">
          <params>
            <param index="0">
              <value>
                <![CDATA[/facebookParams.xml]]>
              </value>
            </param>
            <param index="1">
              <value>
                <![CDATA[/facebookXPath.xml]]>
              </value>
            </param>
          </params>
          <exception class="com.thoughtworks.selenium.SeleniumException">
            <message>
              <![CDATA[Element is not clickable at point (151, 91.08332824707031). Other element would receive the click: <a class="fbxWelcomeBoxSmallLeft _8o _8r lfloat _ohe" href="https://www.facebook.com/shushu.wang.10/about?ref=bookmarks&amp;section=work" tabindex="-1" aria-hidden="true"></a>
Command duration or timeout: 62 milliseconds
Build info: version: '2.53.0', revision: '35ae25b1534ae328c771e0856c93e187490ca824', time: '2016-03-15 10:43:46'
System info: host: 'wireless-10-145-133-120.public.utexas.edu', ip: '10.145.133.120', os.name: 'Mac OS X', os.arch: 'x86_64', os.version: '10.11.4', java.version: '1.8.0_74'
Driver info: org.openqa.selenium.firefox.FirefoxDriver
Capabilities [{applicationCacheEnabled=true, rotatable=false, handlesAlerts=true, databaseEnabled=true, version=42.0, platform=MAC, nativeEvents=false, acceptSslCerts=true, webStorageEnabled=true, locationContextEnabled=true, browserName=firefox, takesScreenshot=true, javascriptEnabled=true, cssSelectorsEnabled=true}]
Session ID: 0faa6a1c-51f7-cf41-9259-12ec65251205]]>
            </message>
            <full-stacktrace>
              <![CDATA[com.thoughtworks.selenium.SeleniumException: Element is not clickable at point (151, 91.08332824707031). Other element would receive the click: <a class="fbxWelcomeBoxSmallLeft _8o _8r lfloat _ohe" href="https://www.facebook.com/shushu.wang.10/about?ref=bookmarks&amp;section=work" tabindex="-1" aria-hidden="true"></a>
Command duration or timeout: 62 milliseconds
Build info: version: '2.53.0', revision: '35ae25b1534ae328c771e0856c93e187490ca824', time: '2016-03-15 10:43:46'
System info: host: 'wireless-10-145-133-120.public.utexas.edu', ip: '10.145.133.120', os.name: 'Mac OS X', os.arch: 'x86_64', os.version: '10.11.4', java.version: '1.8.0_74'
Driver info: org.openqa.selenium.firefox.FirefoxDriver
Capabilities [{applicationCacheEnabled=true, rotatable=false, handlesAlerts=true, databaseEnabled=true, version=42.0, platform=MAC, nativeEvents=false, acceptSslCerts=true, webStorageEnabled=true, locationContextEnabled=true, browserName=firefox, takesScreenshot=true, javascriptEnabled=true, cssSelectorsEnabled=true}]
Session ID: 0faa6a1c-51f7-cf41-9259-12ec65251205
	at com.thoughtworks.selenium.webdriven.SeleneseCommand.apply(SeleneseCommand.java:45)
	at com.thoughtworks.selenium.webdriven.Timer.run(Timer.java:41)
	at com.thoughtworks.selenium.webdriven.WebDriverCommandProcessor.execute(WebDriverCommandProcessor.java:149)
	at com.thoughtworks.selenium.webdriven.WebDriverCommandProcessor.doCommand(WebDriverCommandProcessor.java:74)
	at com.thoughtworks.selenium.DefaultSelenium.click(DefaultSelenium.java:198)
	at edu.utexas.ece.testTasks.TestTasks.clickBtn(TestTasks.java:45)
	at edu.utexas.ece.testCases.TestFacebook.testFacebookVisibilitySetting(TestFacebook.java:65)
	at sun.reflect.NativeMethodAccessorImpl.invoke0(Native Method)
	at sun.reflect.NativeMethodAccessorImpl.invoke(NativeMethodAccessorImpl.java:62)
	at sun.reflect.DelegatingMethodAccessorImpl.invoke(DelegatingMethodAccessorImpl.java:43)
	at java.lang.reflect.Method.invoke(Method.java:498)
	at org.testng.internal.MethodInvocationHelper.invokeMethod(MethodInvocationHelper.java:80)
	at org.testng.internal.Invoker.invokeMethod(Invoker.java:714)
	at org.testng.internal.Invoker.invokeTestMethod(Invoker.java:901)
	at org.testng.internal.Invoker.invokeTestMethods(Invoker.java:1231)
	at org.testng.internal.TestMethodWorker.invokeTestMethods(TestMethodWorker.java:127)
	at org.testng.internal.TestMethodWorker.run(TestMethodWorker.java:111)
	at org.testng.TestRunner.privateRun(TestRunner.java:767)
	at org.testng.TestRunner.run(TestRunner.java:617)
	at org.testng.SuiteRunner.runTest(SuiteRunner.java:334)
	at org.testng.SuiteRunner.runSequentially(SuiteRunner.java:329)
	at org.testng.SuiteRunner.privateRun(SuiteRunner.java:291)
	at org.testng.SuiteRunner.run(SuiteRunner.java:240)
	at org.testng.SuiteRunnerWorker.runSuite(SuiteRunnerWorker.java:52)
	at org.testng.SuiteRunnerWorker.run(SuiteRunnerWorker.java:86)
	at org.testng.TestNG.runSuitesSequentially(TestNG.java:1198)
	at org.testng.TestNG.runSuitesLocally(TestNG.java:1123)
	at org.testng.TestNG.run(TestNG.java:1031)
	at edu.utexas.ece.SeleniumMain.main(SeleniumMain.java:51)
	at sun.reflect.NativeMethodAccessorImpl.invoke0(Native Method)
	at sun.reflect.NativeMethodAccessorImpl.invoke(NativeMethodAccessorImpl.java:62)
	at sun.reflect.DelegatingMethodAccessorImpl.invoke(DelegatingMethodAccessorImpl.java:43)
	at java.lang.reflect.Method.invoke(Method.java:498)
	at com.intellij.rt.execution.application.AppMain.main(AppMain.java:144)
Caused by: org.openqa.selenium.WebDriverException: Element is not clickable at point (151, 91.08332824707031). Other element would receive the click: <a class="fbxWelcomeBoxSmallLeft _8o _8r lfloat _ohe" href="https://www.facebook.com/shushu.wang.10/about?ref=bookmarks&amp;section=work" tabindex="-1" aria-hidden="true"></a>
Command duration or timeout: 62 milliseconds
Build info: version: '2.53.0', revision: '35ae25b1534ae328c771e0856c93e187490ca824', time: '2016-03-15 10:43:46'
System info: host: 'wireless-10-145-133-120.public.utexas.edu', ip: '10.145.133.120', os.name: 'Mac OS X', os.arch: 'x86_64', os.version: '10.11.4', java.version: '1.8.0_74'
Driver info: org.openqa.selenium.firefox.FirefoxDriver
Capabilities [{applicationCacheEnabled=true, rotatable=false, handlesAlerts=true, databaseEnabled=true, version=42.0, platform=MAC, nativeEvents=false, acceptSslCerts=true, webStorageEnabled=true, locationContextEnabled=true, browserName=firefox, takesScreenshot=true, javascriptEnabled=true, cssSelectorsEnabled=true}]
Session ID: 0faa6a1c-51f7-cf41-9259-12ec65251205
	at sun.reflect.NativeConstructorAccessorImpl.newInstance0(Native Method)
	at sun.reflect.NativeConstructorAccessorImpl.newInstance(NativeConstructorAccessorImpl.java:62)
	at sun.reflect.DelegatingConstructorAccessorImpl.newInstance(DelegatingConstructorAccessorImpl.java:45)
	at java.lang.reflect.Constructor.newInstance(Constructor.java:423)
	at org.openqa.selenium.remote.ErrorHandler.createThrowable(ErrorHandler.java:206)
	at org.openqa.selenium.remote.ErrorHandler.throwIfResponseFailed(ErrorHandler.java:158)
	at org.openqa.selenium.remote.RemoteWebDriver.execute(RemoteWebDriver.java:678)
	at org.openqa.selenium.remote.RemoteWebElement.execute(RemoteWebElement.java:327)
	at org.openqa.selenium.remote.RemoteWebElement.click(RemoteWebElement.java:85)
	at com.thoughtworks.selenium.webdriven.commands.Click.handleSeleneseCommand(Click.java:40)
	at com.thoughtworks.selenium.webdriven.commands.Click.handleSeleneseCommand(Click.java:26)
	at com.thoughtworks.selenium.webdriven.SeleneseCommand.apply(SeleneseCommand.java:36)
	... 33 more
]]>
            </full-stacktrace>
          </exception> <!-- com.thoughtworks.selenium.SeleniumException -->
          <reporter-output>
          </reporter-output>
        </test-method> <!-- testFacebookVisibilitySetting -->
        <test-method status="PASS" signature="destory()[pri:0, instance:edu.utexas.ece.testCases.TestFacebook@6aceb1a5]" name="destory" is-config="true" duration-ms="83" started-at="2016-04-30T14:52:42Z" finished-at="2016-04-30T14:52:43Z">
          <reporter-output>
          </reporter-output>
        </test-method> <!-- destory -->
      </class> <!-- edu.utexas.ece.testCases.TestFacebook -->
    </test> <!-- Test Facebook -->
  </suite> <!-- Selenium Project -->
</testng-results>
