<?xml version="1.0" encoding="UTF-8"?>
<!-- Generated by org.testng.reporters.JUnitXMLReporter -->
<testsuite hostname="HANYC" name="Test Facebook" tests="1" failures="1" timestamp="29 Apr 2016 03:59:16 GMT" time="15.194" errors="0">
  <testcase name="testFacebookLogin" time="11.07" classname="edu.utexas.ece.testCases.TestFacebook">
    <failure type="java.lang.AssertionError">
      <![CDATA[java.lang.AssertionError: 
	at edu.utexas.ece.testTasks.TestTasks.verifyResult(TestTasks.java:50)
	at edu.utexas.ece.testCases.TestFacebook.testFacebookLogin(TestFacebook.java:47)
	at edu.utexas.ece.SeleniumMain.main(SeleniumMain.java:51)
	at com.intellij.rt.execution.application.AppMain.main(AppMain.java:144)
... Removed 28 stack frames]]>
    </failure>
  </testcase> <!-- testFacebookLogin -->
</testsuite> <!-- Test Facebook -->
