<?xml version="1.0" encoding="UTF-8"?>
<!-- Generated by org.testng.reporters.JUnitXMLReporter -->
<testsuite hostname="wireless-10-145-133-120.public.utexas.edu" name="Test Facebook" tests="1" failures="1" timestamp="30 Apr 2016 19:52:43 GMT" time="6.605" errors="0">
  <testcase name="testFacebookVisibilitySetting" time="4.195" classname="edu.utexas.ece.testCases.TestFacebook">
    <failure type="com.thoughtworks.selenium.SeleniumException" message="Element is not clickable at point (151, 91.08332824707031). Other element would receive the click: &amp;lt;a class=&amp;quot;fbxWelcomeBoxSmallLeft _8o _8r lfloat _ohe&amp;quot; href=&amp;quot;https://www.facebook.com/shushu.wang.10/about?ref=bookmarks&amp;amp;amp;section=work&amp;quot; tabindex=&amp;quot;-1&amp;quot; aria-hidden=&amp;quot;true&amp;quot;&amp;gt;&amp;lt;/a&amp;gt;
Command duration or timeout: 62 milliseconds
Build info: version: &amp;apos;2.53.0&amp;apos;, revision: &amp;apos;35ae25b1534ae328c771e0856c93e187490ca824&amp;apos;, time: &amp;apos;2016-03-15 10:43:46&amp;apos;
System info: host: &amp;apos;wireless-10-145-133-120.public.utexas.edu&amp;apos;, ip: &amp;apos;10.145.133.120&amp;apos;, os.name: &amp;apos;Mac OS X&amp;apos;, os.arch: &amp;apos;x86_64&amp;apos;, os.version: &amp;apos;10.11.4&amp;apos;, java.version: &amp;apos;1.8.0_74&amp;apos;
Driver info: org.openqa.selenium.firefox.FirefoxDriver
Capabilities [{applicationCacheEnabled=true, rotatable=false, handlesAlerts=true, databaseEnabled=true, version=42.0, platform=MAC, nativeEvents=false, acceptSslCerts=true, webStorageEnabled=true, locationContextEnabled=true, browserName=firefox, takesScreenshot=true, javascriptEnabled=true, cssSelectorsEnabled=true}]
Session ID: 0faa6a1c-51f7-cf41-9259-12ec65251205">
      <![CDATA[com.thoughtworks.selenium.SeleniumException: Element is not clickable at point (151, 91.08332824707031). Other element would receive the click: <a class="fbxWelcomeBoxSmallLeft _8o _8r lfloat _ohe" href="https://www.facebook.com/shushu.wang.10/about?ref=bookmarks&amp;section=work" tabindex="-1" aria-hidden="true"></a>
Command duration or timeout: 62 milliseconds
Build info: version: '2.53.0', revision: '35ae25b1534ae328c771e0856c93e187490ca824', time: '2016-03-15 10:43:46'
System info: host: 'wireless-10-145-133-120.public.utexas.edu', ip: '10.145.133.120', os.name: 'Mac OS X', os.arch: 'x86_64', os.version: '10.11.4', java.version: '1.8.0_74'
Driver info: org.openqa.selenium.firefox.FirefoxDriver
Capabilities [{applicationCacheEnabled=true, rotatable=false, handlesAlerts=true, databaseEnabled=true, version=42.0, platform=MAC, nativeEvents=false, acceptSslCerts=true, webStorageEnabled=true, locationContextEnabled=true, browserName=firefox, takesScreenshot=true, javascriptEnabled=true, cssSelectorsEnabled=true}]
Session ID: 0faa6a1c-51f7-cf41-9259-12ec65251205
	at com.thoughtworks.selenium.webdriven.SeleneseCommand.apply(SeleneseCommand.java:45)
	at com.thoughtworks.selenium.webdriven.Timer.run(Timer.java:41)
	at com.thoughtworks.selenium.webdriven.WebDriverCommandProcessor.execute(WebDriverCommandProcessor.java:149)
	at com.thoughtworks.selenium.webdriven.WebDriverCommandProcessor.doCommand(WebDriverCommandProcessor.java:74)
	at com.thoughtworks.selenium.DefaultSelenium.click(DefaultSelenium.java:198)
	at edu.utexas.ece.testTasks.TestTasks.clickBtn(TestTasks.java:45)
	at edu.utexas.ece.testCases.TestFacebook.testFacebookVisibilitySetting(TestFacebook.java:65)
	at edu.utexas.ece.SeleniumMain.main(SeleniumMain.java:51)
	at com.intellij.rt.execution.application.AppMain.main(AppMain.java:144)
Caused by: org.openqa.selenium.WebDriverException: Element is not clickable at point (151, 91.08332824707031). Other element would receive the click: <a class="fbxWelcomeBoxSmallLeft _8o _8r lfloat _ohe" href="https://www.facebook.com/shushu.wang.10/about?ref=bookmarks&amp;section=work" tabindex="-1" aria-hidden="true"></a>
Command duration or timeout: 62 milliseconds
Build info: version: '2.53.0', revision: '35ae25b1534ae328c771e0856c93e187490ca824', time: '2016-03-15 10:43:46'
System info: host: 'wireless-10-145-133-120.public.utexas.edu', ip: '10.145.133.120', os.name: 'Mac OS X', os.arch: 'x86_64', os.version: '10.11.4', java.version: '1.8.0_74'
Driver info: org.openqa.selenium.firefox.FirefoxDriver
Capabilities [{applicationCacheEnabled=true, rotatable=false, handlesAlerts=true, databaseEnabled=true, version=42.0, platform=MAC, nativeEvents=false, acceptSslCerts=true, webStorageEnabled=true, locationContextEnabled=true, browserName=firefox, takesScreenshot=true, javascriptEnabled=true, cssSelectorsEnabled=true}]
Session ID: 0faa6a1c-51f7-cf41-9259-12ec65251205
	at org.openqa.selenium.remote.ErrorHandler.createThrowable(ErrorHandler.java:206)
	at org.openqa.selenium.remote.ErrorHandler.throwIfResponseFailed(ErrorHandler.java:158)
	at org.openqa.selenium.remote.RemoteWebDriver.execute(RemoteWebDriver.java:678)
	at org.openqa.selenium.remote.RemoteWebElement.execute(RemoteWebElement.java:327)
	at org.openqa.selenium.remote.RemoteWebElement.click(RemoteWebElement.java:85)
	at com.thoughtworks.selenium.webdriven.commands.Click.handleSeleneseCommand(Click.java:40)
	at com.thoughtworks.selenium.webdriven.commands.Click.handleSeleneseCommand(Click.java:26)
	at com.thoughtworks.selenium.webdriven.SeleneseCommand.apply(SeleneseCommand.java:36)
	... 33 more
... Removed 29 stack frames]]>
    </failure>
  </testcase> <!-- testFacebookVisibilitySetting -->
</testsuite> <!-- Test Facebook -->
